TN:
SF:src/BribeInitiative.sol
FNL:0,109
FNA:0,8,BribeInitiative.claimBribes
FNL:1,127
FNA:1,3,BribeInitiative.onRegisterInitiative
FNL:2,130
FNA:2,2,BribeInitiative.onUnregisterInitiative
FNL:3,132
FNA:3,44,BribeInitiative._setTotalLQTYAllocationByEpoch
FNL:4,141
FNA:4,44,BribeInitiative._setLQTYAllocationByUserAtEpoch
FNL:5,151
FNA:5,44,BribeInitiative.onAfterAllocateLQTY
FNL:6,222
FNA:6,3,BribeInitiative.onClaimForInitiative
FNL:7,34
FNA:7,119,BribeInitiative.
FNL:8,40
FNA:8,3,BribeInitiative.onlyGovernance
FNL:9,46
FNA:9,34,BribeInitiative.totalLQTYAllocatedByEpoch
FNL:10,51
FNA:10,34,BribeInitiative.lqtyAllocatedByUserAtEpoch
FNL:11,56
FNA:11,9,BribeInitiative.depositBribe
FNL:12,71
FNA:12,8,BribeInitiative._claimBribe
FNF:13
FNH:13
DA:35,238
DA:36,238
DA:37,170
DA:41,6
DA:47,102
DA:52,102
DA:57,18
DA:58,18
DA:60,27
DA:61,18
DA:63,18
DA:64,18
DA:65,18
DA:66,18
DA:68,18
DA:77,16
DA:78,16
DA:80,16
DA:81,16
DA:83,14
DA:84,14
DA:86,14
DA:91,10
DA:92,10
DA:93,10
DA:99,10
DA:100,10
DA:103,10
DA:105,10
DA:113,34
DA:114,16
DA:115,24
DA:118,10
DA:119,10
DA:122,15
DA:123,15
DA:133,44
DA:134,48
DA:136,40
DA:138,88
DA:142,44
DA:143,68
DA:145,20
DA:147,88
DA:156,132
DA:158,88
DA:161,88
DA:162,68
DA:163,102
DA:164,102
DA:166,68
DA:167,48
DA:168,48
DA:170,40
DA:174,8
DA:177,6
DA:180,2
DA:184,20
DA:186,18
DA:191,2
DA:193,2
DA:199,68
DA:201,20
DA:202,20
DA:205,12
DA:210,12
DA:213,8
DA:216,8
LF:68
LH:68
end_of_record
