TN:
SF:src/utils/DoubleLinkedList.sol
FNL:0,25
FNA:0,19,DoubleLinkedList.getHead
FNL:1,32
FNA:1,94,DoubleLinkedList.getTail
FNL:2,40
FNA:2,35,DoubleLinkedList.getNext
FNL:3,48
FNA:3,35,DoubleLinkedList.getPrev
FNL:4,56
FNA:4,68,DoubleLinkedList.getValue
FNL:5,64
FNA:5,22,DoubleLinkedList.getItem
FNL:6,72
FNA:6,86,DoubleLinkedList.contains
FNL:7,81
FNA:7,7,DoubleLinkedList.remove
FNL:8,97
FNA:8,72,DoubleLinkedList.insert
FNF:9
FNH:9
DA:26,38
DA:33,188
DA:41,70
DA:49,70
DA:57,136
DA:65,44
DA:73,174
DA:74,168
DA:82,14
DA:83,15
DA:84,10
DA:85,10
DA:86,10
DA:98,145
DA:99,218
DA:100,138
DA:101,138
DA:102,311
DA:103,138
DA:104,138
DA:105,138
DA:106,138
LF:22
LH:22
end_of_record
