TN:
SF:/Users/nelsonpereira/Documents/GitHub/Auditing/Fuzzing/Recon_Fuzzing/Liquity_V2_Gov/V2-gov/lib/forge-std/src/mocks/MockERC20.sol
FNF:0
FNH:0
DA:8,0
DA:19,0
DA:20,0
DA:23,0
DA:24,0
DA:27,0
DA:28,0
DA:41,0
DA:42,0
DA:45,0
DA:46,0
DA:49,0
DA:50,0
DA:61,0
DA:72,0
DA:73,0
DA:75,0
DA:76,0
DA:77,0
DA:79,0
DA:80,0
DA:82,0
DA:89,0
DA:90,0
DA:92,0
DA:94,0
DA:97,0
DA:98,0
DA:99,0
DA:101,0
DA:106,0
DA:107,0
DA:109,0
DA:111,0
DA:112,0
DA:114,0
DA:116,0
DA:123,0
DA:126,0
DA:127,0
DA:129,0
DA:130,0
DA:131,0
DA:133,0
DA:134,0
DA:135,0
DA:136,0
DA:139,0
DA:140,0
DA:141,0
DA:142,0
DA:153,0
DA:155,0
DA:157,0
DA:160,0
DA:161,0
DA:164,0
DA:165,0
DA:166,0
DA:167,0
DA:168,0
DA:169,0
DA:170,0
DA:171,0
DA:198,0
DA:199,0
DA:200,0
DA:204,0
DA:205,0
DA:206,0
DA:217,0
DA:220,0
DA:226,0
DA:227,0
DA:232,0
LF:75
LH:0
end_of_record
TN:
SF:/Users/nelsonpereira/Documents/GitHub/Auditing/Fuzzing/Recon_Fuzzing/Liquity_V2_Gov/V2-gov/lib/forge-std/src/mocks/MockERC721.sol
FNF:0
FNH:0
DA:8,0
DA:17,0
DA:18,0
DA:21,0
DA:22,0
DA:25,0
DA:35,0
DA:36,0
DA:39,0
DA:40,0
DA:42,0
DA:53,0
DA:54,0
DA:57,0
DA:58,0
DA:70,0
DA:71,0
DA:73,0
DA:74,0
DA:76,0
DA:83,0
DA:84,0
DA:86,0
DA:88,0
DA:90,0
DA:93,0
DA:94,0
DA:96,0
DA:99,0
DA:100,0
DA:102,0
DA:104,0
DA:105,0
DA:111,0
DA:113,0
DA:115,0
DA:117,0
DA:119,0
DA:122,0
DA:123,0
DA:125,0
DA:126,0
DA:127,0
DA:128,0
DA:133,0
DA:139,0
DA:141,0
DA:142,0
DA:143,0
DA:144,0
DA:153,0
DA:154,0
DA:155,0
DA:156,0
DA:226,0
DA:229,0
LF:56
LH:0
end_of_record
TN:
SF:/Users/nelsonpereira/Documents/GitHub/Auditing/Fuzzing/Recon_Fuzzing/Liquity_V2_Gov/V2-gov/src/utils/DoubleLinkedList.sol
FNF:0
FNH:0
DA:7,0
DA:27,18
DA:34,0
DA:42,0
DA:49,0
DA:50,0
DA:66,4
DA:67,54
DA:74,0
DA:75,0
DA:76,0
DA:87,0
DA:88,0
DA:89,0
DA:90,0
DA:91,0
DA:92,0
DA:93,0
DA:94,0
DA:95,0
DA:96,0
LF:21
LH:3
end_of_record
TN:
SF:/Users/nelsonpereira/Documents/GitHub/Auditing/Fuzzing/Recon_Fuzzing/Liquity_V2_Gov/V2-gov/src/utils/Math.sol
FNF:0
FNH:0
DA:4,0
DA:5,0
DA:6,0
DA:8,0
DA:11,0
DA:12,0
DA:13,0
DA:15,0
DA:18,0
DA:19,0
DA:22,0
DA:23,0
LF:12
LH:0
end_of_record
TN:
SF:/Users/nelsonpereira/Documents/GitHub/Auditing/Fuzzing/Recon_Fuzzing/Liquity_V2_Gov/V2-gov/src/utils/MultiDelegateCall.sol
FNF:0
FNH:0
DA:6,0
DA:8,25
DA:9,50
DA:11,10
DA:12,64
DA:14,3
DA:17,1
DA:18,3
DA:19,2
DA:24,0
LF:10
LH:8
end_of_record
TN:
SF:/Users/nelsonpereira/Documents/GitHub/Auditing/Fuzzing/Recon_Fuzzing/Liquity_V2_Gov/V2-gov/src/utils/Ownable.sol
FNF:0
FNH:0
DA:17,0
DA:25,0
DA:26,14
DA:27,4
DA:33,0
DA:34,0
DA:41,12
DA:48,0
DA:49,6
DA:62,2
DA:63,14
DA:64,7
LF:12
LH:7
end_of_record
TN:
SF:/Users/nelsonpereira/Documents/GitHub/Auditing/Fuzzing/Recon_Fuzzing/Liquity_V2_Gov/V2-gov/src/utils/SafeCallMinGas.sol
FNF:0
FNH:0
DA:6,4
DA:7,1
DA:10,15
DA:16,3
DA:17,1
DA:21,9
DA:28,1
DA:29,1
DA:30,1
DA:31,1
DA:32,1
DA:33,3
DA:34,2
DA:35,1
DA:36,1
LF:15
LH:15
end_of_record
TN:
SF:/Users/nelsonpereira/Documents/GitHub/Auditing/Fuzzing/Recon_Fuzzing/Liquity_V2_Gov/V2-gov/src/utils/Types.sol
FNF:0
FNH:0
DA:14,4
LF:1
LH:1
end_of_record
TN:
SF:/Users/nelsonpereira/Documents/GitHub/Auditing/Fuzzing/Recon_Fuzzing/Liquity_V2_Gov/V2-gov/src/utils/UniqueArray.sol
FNF:0
FNH:0
DA:6,4
DA:7,2
DA:8,7
DA:11,15
DA:12,19
DA:13,65
DA:16,2
DA:21,2
DA:26,1
DA:27,3
DA:29,11
DA:30,30
LF:12
LH:12
end_of_record
TN:
SF:/Users/nelsonpereira/Documents/GitHub/Auditing/Fuzzing/Recon_Fuzzing/Liquity_V2_Gov/V2-gov/src/utils/VotingPower.sol
FNF:0
FNH:0
DA:4,5
DA:5,8
DA:6,16
LF:3
LH:3
end_of_record
