TN:
SF:/Users/nelsonpereira/Documents/GitHub/Auditing/Fuzzing/Recon_Fuzzing/Liquity_V2_Gov/V2-gov/src/BribeInitiative.sol
FNF:0
FNH:0
DA:14,180
DA:22,0
DA:24,0
DA:26,0
DA:29,8
DA:31,0
DA:38,27
DA:39,8
DA:41,8
DA:42,5
DA:43,5
DA:45,66
DA:46,61
DA:50,58
DA:55,0
DA:57,0
DA:58,0
DA:59,0
DA:60,0
DA:65,0
DA:68,0
DA:71,0
DA:72,0
DA:73,0
DA:74,0
DA:79,16
DA:80,62
DA:81,16
DA:83,26
DA:84,28
DA:86,13
DA:88,10
DA:89,10
DA:92,9
DA:97,9
DA:98,73
DA:99,40
DA:101,48
DA:102,24
DA:104,3
DA:105,18
DA:107,12
DA:108,24
DA:111,3
DA:112,6
DA:113,3
DA:114,9
DA:115,15
DA:119,14
DA:120,5
DA:127,15
DA:128,16
DA:129,16
DA:130,14
DA:132,20
DA:133,20
DA:134,15
DA:135,17
DA:136,22
DA:138,42
DA:139,51
DA:141,21
DA:145,22
DA:147,2
DA:149,17
DA:150,29
DA:151,10
DA:152,13
DA:154,6
DA:155,7
DA:158,13
DA:159,13
DA:163,13
DA:168,6
DA:169,8
DA:170,9
DA:172,13
DA:173,5
DA:175,12
DA:178,7
DA:185,8
DA:186,24
DA:188,27
DA:189,5
DA:191,12
DA:195,20
DA:196,17
DA:202,2
DA:203,2
DA:208,17
DA:214,2
DA:215,16
DA:218,5
DA:219,2
DA:220,3
DA:221,3
DA:222,4
DA:225,4
DA:226,1
DA:227,1
DA:228,2
DA:229,4
DA:230,4
DA:235,16
LF:104
LH:89
end_of_record
TN:
SF:/Users/nelsonpereira/Documents/GitHub/Auditing/Fuzzing/Recon_Fuzzing/Liquity_V2_Gov/V2-gov/src/CurveV2GaugeRewards.sol
FNF:0
FNH:0
DA:8,181
DA:9,0
DA:10,0
DA:14,27
DA:15,3
DA:17,5
DA:18,2
DA:21,0
DA:25,2
DA:26,0
DA:29,0
DA:30,0
DA:33,0
DA:34,0
DA:38,0
DA:40,0
DA:41,0
DA:42,0
DA:45,0
DA:46,0
DA:48,0
LF:21
LH:6
end_of_record
TN:
SF:/Users/nelsonpereira/Documents/GitHub/Auditing/Fuzzing/Recon_Fuzzing/Liquity_V2_Gov/V2-gov/src/Governance.sol
FNF:0
FNH:0
DA:24,633
DA:27,7
DA:32,0
DA:34,0
DA:36,0
DA:38,5
DA:40,5
DA:42,11
DA:44,0
DA:46,0
DA:48,0
DA:50,0
DA:52,0
DA:54,0
DA:56,0
DA:59,0
DA:62,5
DA:64,0
DA:67,0
DA:69,44
DA:71,51
DA:73,0
DA:75,0
DA:77,34
DA:85,4
DA:86,7
DA:87,7
DA:88,5
DA:89,13
DA:90,4
DA:93,7
DA:94,6
DA:97,7
DA:98,6
DA:99,6
DA:102,7
DA:103,6
DA:105,6
DA:106,5
DA:107,9
DA:108,8
DA:109,6
DA:110,9
DA:111,10
DA:112,6
DA:114,5
DA:115,1
DA:119,11
DA:120,15
DA:123,37
DA:125,5
DA:126,23
DA:129,45
DA:132,3
DA:139,4
DA:140,15
DA:142,8
DA:144,9
DA:145,5
DA:148,3
DA:151,25
DA:152,35
DA:154,2
DA:158,11
DA:159,6
DA:162,16
DA:163,8
DA:165,14
DA:166,68
DA:168,15
DA:172,14
DA:173,8
DA:176,16
DA:181,5
DA:182,8
DA:184,10
DA:185,82
DA:187,15
DA:191,15
DA:192,7
DA:195,19
DA:196,12
DA:198,7
DA:199,18
DA:202,17
DA:205,12
DA:207,23
DA:208,17
DA:211,5
DA:215,17
DA:217,12
DA:218,12
DA:224,66
DA:226,30
DA:230,22
DA:231,8
DA:232,18
DA:234,9
DA:239,22
DA:240,67
DA:242,14
DA:243,4
DA:252,6
DA:253,18
DA:257,4
DA:258,26
DA:262,2
DA:263,12
DA:267,9
DA:268,9
DA:276,0
DA:277,0
DA:279,0
DA:283,8
DA:284,8
DA:286,11
DA:290,6
DA:291,8
DA:293,1
DA:294,17
DA:295,5
DA:296,0
DA:298,18
DA:303,5
DA:304,1
DA:305,8
DA:307,6
DA:308,12
DA:309,61
DA:310,12
DA:311,19
DA:316,5
DA:319,1
DA:320,1
DA:321,7
DA:322,24
DA:323,19
DA:325,13
DA:326,2
DA:328,17
DA:329,10
DA:334,5
DA:336,4
DA:337,1
DA:338,1
DA:339,9
DA:341,5
DA:342,52
DA:343,11
DA:350,7
DA:354,2
DA:355,2
DA:356,1
DA:358,1
DA:360,7
DA:361,61
DA:362,69
DA:364,17
DA:365,3
DA:367,7
DA:368,16
DA:369,15
DA:370,3
DA:371,6
DA:373,10
DA:378,24
DA:381,2
DA:383,5
DA:384,6
DA:393,17
DA:395,3
DA:397,8
DA:398,6
DA:399,5
DA:401,17
DA:405,21
DA:410,5
DA:411,13
DA:414,6
DA:415,12
DA:419,7
DA:422,6
DA:423,13
DA:428,17
DA:431,6
DA:432,7
DA:437,11
DA:439,0
DA:443,11
DA:450,4
DA:451,11
DA:452,7
DA:454,21
DA:456,5
DA:464,4
DA:465,21
DA:466,12
DA:467,17
DA:469,7
DA:473,4
DA:477,19
DA:478,7
DA:479,6
DA:481,15
DA:482,8
DA:483,23
DA:485,8
DA:486,7
DA:487,58
DA:489,10
DA:494,4
DA:496,14
DA:497,12
DA:499,72
DA:500,12
DA:504,17
DA:507,29
DA:510,7
DA:511,30
DA:514,19
DA:515,12
DA:530,3
DA:532,1
DA:534,50
DA:536,42
DA:537,42
DA:538,42
DA:539,44
DA:542,14
DA:543,103
DA:544,25
DA:547,47
DA:548,24
DA:549,4
DA:550,4
DA:551,4
DA:552,4
DA:556,42
DA:557,42
DA:558,42
DA:559,42
DA:563,51
DA:565,2
DA:569,15
DA:570,6
DA:571,7
DA:578,4
DA:579,27
DA:584,20
DA:589,4
DA:590,12
DA:591,11
DA:596,6
DA:597,6
DA:600,45
DA:601,45
DA:603,87
DA:604,87
DA:607,9
DA:610,54
DA:611,13
DA:612,7
DA:620,10
DA:625,14
DA:627,1
DA:628,11
DA:629,0
DA:630,0
DA:631,0
DA:632,0
DA:637,3
DA:638,29
DA:643,42
DA:644,44
DA:651,18
DA:653,32
DA:654,3
DA:655,3
DA:657,18
DA:658,24
DA:660,15
DA:661,17
DA:663,23
DA:667,133
DA:690,2
DA:697,4
DA:698,10
DA:699,8
DA:700,54
DA:702,14
DA:703,18
DA:704,23
DA:705,23
DA:706,19
DA:708,23
DA:709,23
DA:715,18
DA:717,9
DA:718,5
DA:721,20
DA:723,12
DA:724,28
DA:725,10
DA:730,12
DA:731,1
DA:738,34
DA:739,7
DA:740,6
DA:741,5
DA:742,6
DA:743,5
DA:747,21
DA:748,25
DA:751,25
DA:752,27
DA:755,52
DA:761,13
DA:762,15
DA:765,20
DA:766,27
DA:769,20
DA:770,27
DA:776,79
DA:778,22
DA:779,25
DA:782,21
DA:783,25
DA:785,8
DA:789,19
DA:790,25
DA:792,70
DA:797,9
DA:798,23
DA:799,12
DA:800,20
DA:803,11
DA:804,23
DA:805,11
DA:806,22
DA:808,1
DA:815,15
DA:817,10
DA:818,1
DA:820,1
DA:821,38
DA:823,17
DA:825,1
DA:827,1
DA:830,20
DA:831,16
DA:835,3
DA:836,75
DA:840,16
DA:841,44
DA:845,18
DA:847,10
DA:848,6
DA:849,5
DA:851,3
DA:852,8
DA:853,30
DA:856,7
DA:859,13
DA:861,9
DA:862,13
DA:864,15
DA:865,19
DA:867,11
DA:870,18
DA:873,7
DA:874,28
DA:877,29
DA:881,16
DA:883,8
DA:884,6
DA:885,5
DA:888,6
DA:889,8
DA:891,14
DA:892,10
DA:896,19
DA:901,35
DA:906,61
DA:907,7
DA:908,0
DA:911,9
DA:914,7
DA:915,1
DA:917,1
DA:918,38
DA:921,20
DA:922,12
DA:925,2
DA:928,1
DA:929,13
DA:930,51
DA:934,1
DA:938,13
DA:939,51
LF:399
LH:374
end_of_record
TN:
SF:/Users/nelsonpereira/Documents/GitHub/Auditing/Fuzzing/Recon_Fuzzing/Liquity_V2_Gov/V2-gov/src/UserProxyFactory.sol
FNF:0
FNH:0
DA:9,0
DA:11,0
DA:13,0
DA:14,30
DA:18,14
DA:19,9
DA:23,13
DA:25,8
DA:27,13
DA:29,1
LF:10
LH:7
end_of_record
